c:\users\admin\documents\visual studio 2015\projects\basicgame\basicgame\debug\vc140.pdb
c:\users\admin\documents\visual studio 2015\projects\basicgame\basicgame\debug\vc140.idb
c:\users\admin\documents\visual studio 2015\projects\basicgame\basicgame\debug\gamelevel.obj
c:\users\admin\documents\visual studio 2015\projects\basicgame\basicgame\debug\gameobject.obj
c:\users\admin\documents\visual studio 2015\projects\basicgame\basicgame\debug\spriterenderer.obj
c:\users\admin\documents\visual studio 2015\projects\basicgame\basicgame\debug\resourcemanager.obj
c:\users\admin\documents\visual studio 2015\projects\basicgame\basicgame\debug\shader.obj
c:\users\admin\documents\visual studio 2015\projects\basicgame\basicgame\debug\game.obj
c:\users\admin\documents\visual studio 2015\projects\basicgame\basicgame\debug\main.obj
c:\users\admin\documents\visual studio 2015\projects\basicgame\basicgame\debug\sdlwindow.obj
c:\users\admin\documents\visual studio 2015\projects\basicgame\basicgame\debug\texture2d.obj
c:\users\admin\documents\visual studio 2015\projects\basicgame\basicgame\debug\ballobject.obj
c:\users\admin\documents\visual studio 2015\projects\basicgame\debug\basicgame.ilk
c:\users\admin\documents\visual studio 2015\projects\basicgame\debug\basicgame.exe
c:\users\admin\documents\visual studio 2015\projects\basicgame\debug\basicgame.pdb
c:\users\admin\documents\visual studio 2015\projects\basicgame\basicgame\debug\basicgame.tlog\cl.command.1.tlog
c:\users\admin\documents\visual studio 2015\projects\basicgame\basicgame\debug\basicgame.tlog\cl.read.1.tlog
c:\users\admin\documents\visual studio 2015\projects\basicgame\basicgame\debug\basicgame.tlog\cl.write.1.tlog
c:\users\admin\documents\visual studio 2015\projects\basicgame\basicgame\debug\basicgame.tlog\link.command.1.tlog
c:\users\admin\documents\visual studio 2015\projects\basicgame\basicgame\debug\basicgame.tlog\link.read.1.tlog
c:\users\admin\documents\visual studio 2015\projects\basicgame\basicgame\debug\basicgame.tlog\link.write.1.tlog
